[22Mar2025 00:00:11.895] [Server thread/INFO] [net.minecraft.server.MinecraftServer/]: [fablex39: Set Andremat2010's game mode to Survival Mode]
[22Mar2025 00:00:16.190] [Server thread/INFO] [net.minecraft.server.MinecraftServer/]: [fablex39: Teleported Andremat2010 to fablex39]
[22Mar2025 00:01:24.128] [Server thread/WARN] [tombstone/]: The death event of the player fablex39 was canceled by another mod
[22Mar2025 00:01:24.157] [Server thread/INFO] [tombstone/]: The player fablex39 has successfully been saved
[22Mar2025 00:03:10.102] [Server thread/INFO] [net.minecraft.server.MinecraftServer/]: fablex39 has reached the goal [Exorcism]
[22Mar2025 00:03:10.103] [Server thread/INFO] [net.minecraft.server.MinecraftServer/]: fablex39 has reached the goal [Bone Crusher]
[22Mar2025 00:03:10.598] [Server thread/WARN] [tombstone/]: The death event of the player fablex39 was canceled by another mod
[22Mar2025 00:03:10.606] [Server thread/INFO] [tombstone/]: The player fablex39 has successfully been saved
[22Mar2025 00:03:27.966] [Server thread/INFO] [net.minecraft.server.MinecraftServer/]: Gabriel has made the advancement [Dark Metallurgy]
[22Mar2025 00:04:18.468] [Server thread/WARN] [tombstone/]: The death event of the player fablex39 was canceled by another mod
[22Mar2025 00:04:18.484] [Server thread/INFO] [tombstone/]: The player fablex39 has successfully been saved
[22Mar2025 00:06:36.852] [Server thread/INFO] [net.minecraft.server.MinecraftServer/]: Gabriel has reached the goal [Pray to the Goddess]
[22Mar2025 00:07:05.362] [Server thread/WARN] [net.minecraft.server.MinecraftServer/]: Can't keep up! Is the server overloaded? Running 2005ms or 40 ticks behind
[22Mar2025 00:07:25.858] [Server thread/WARN] [net.minecraft.server.MinecraftServer/]: Can't keep up! Is the server overloaded? Running 2002ms or 40 ticks behind
[22Mar2025 00:07:38.048] [Server thread/INFO] [net.minecraft.server.MinecraftServer/]: [fablex39: Set own game mode to Creative Mode]
[22Mar2025 00:07:48.278] [Server thread/INFO] [net.minecraft.server.MinecraftServer/]: [fablex39: Set own game mode to Survival Mode]
[22Mar2025 00:07:52.251] [Server thread/WARN] [tombstone/]: The death event of the player Andremat2010 was canceled by another mod
[22Mar2025 00:07:52.321] [Server thread/INFO] [tombstone/]: The player Andremat2010 has successfully been saved
[22Mar2025 00:08:28.059] [Server thread/WARN] [net.minecraft.server.MinecraftServer/]: Can't keep up! Is the server overloaded? Running 2003ms or 40 ticks behind
[22Mar2025 00:08:32.731] [Server thread/INFO] [net.minecraft.server.MinecraftServer/]: [fablex39: Set own game mode to Creative Mode]
[22Mar2025 00:08:44.627] [Server thread/INFO] [net.minecraft.server.MinecraftServer/]: [fablex39: Set own game mode to Survival Mode]
[22Mar2025 00:09:42.398] [Server thread/WARN] [net.minecraft.server.MinecraftServer/]: Can't keep up! Is the server overloaded? Running 2041ms or 40 ticks behind
[22Mar2025 00:09:54.283] [Server thread/INFO] [net.minecraft.server.MinecraftServer/]: [fablex39: Set own game mode to Creative Mode]
[22Mar2025 00:09:59.827] [Server thread/WARN] [net.minecraft.server.MinecraftServer/]: Can't keep up! Is the server overloaded? Running 2471ms or 49 ticks behind
[22Mar2025 00:10:17.312] [Server thread/WARN] [net.minecraft.server.MinecraftServer/]: Can't keep up! Is the server overloaded? Running 2005ms or 40 ticks behind
[22Mar2025 00:10:35.734] [Server thread/WARN] [net.minecraft.server.MinecraftServer/]: Can't keep up! Is the server overloaded? Running 3428ms or 68 ticks behind
[22Mar2025 00:10:40.279] [Server thread/INFO] [net.minecraft.server.MinecraftServer/]: [fablex39: Set own game mode to Survival Mode]
[22Mar2025 00:10:53.981] [Server thread/WARN] [net.minecraft.server.MinecraftServer/]: Can't keep up! Is the server overloaded? Running 3274ms or 65 ticks behind
[22Mar2025 00:11:12.619] [Server thread/WARN] [net.minecraft.server.MinecraftServer/]: Can't keep up! Is the server overloaded? Running 3663ms or 73 ticks behind
[22Mar2025 00:11:30.836] [Server thread/WARN] [net.minecraft.server.MinecraftServer/]: Can't keep up! Is the server overloaded? Running 3229ms or 64 ticks behind
[22Mar2025 00:11:37.049] [Server thread/INFO] [net.minecraft.server.MinecraftServer/]: [fablex39: Set own game mode to Creative Mode]
